{"level":"[DEBUG]","ts":"2023-11-21T20:56:37.134+0800","caller_line":"[global/log.go:122]","msg":"init db success"}
{"level":"[INFO]","ts":"2023-11-21T20:56:37.138+0800","caller_line":"[global/log.go:128]","msg":"Start to listening the incoming requests on http address","addr":":8080"}
{"level":"[INFO]","ts":"2023-11-21T20:56:47.000+0800","caller_line":"[jobs/jobdemo.go:14]","msg":"Every 10 sec send reminder emails \n xxxxx1"}
{"level":"[INFO]","ts":"2023-11-21T20:56:50.620+0800","caller_line":"[global/gl.go:82]","msg":"config file updated"}
{"level":"[INFO]","ts":"2023-11-21T20:56:50.621+0800","caller_line":"[global/gl.go:82]","msg":"config file updated"}
{"level":"[INFO]","ts":"2023-11-21T20:56:50.622+0800","caller_line":"[global/gl.go:82]","msg":"config file updated"}
{"level":"[INFO]","ts":"2023-11-21T20:56:57.000+0800","caller_line":"[jobs/jobdemo.go:14]","msg":"Every 10 sec send reminder emails \n xxxxx1"}
{"level":"[INFO]","ts":"2023-11-21T20:57:07.000+0800","caller_line":"[jobs/jobdemo.go:14]","msg":"Every 10 sec send reminder emails \n xxxxx1"}
{"level":"[INFO]","ts":"2023-11-21T20:57:17.000+0800","caller_line":"[jobs/jobdemo.go:14]","msg":"Every 10 sec send reminder emails \n xxxxx1"}
{"level":"[INFO]","ts":"2023-11-21T20:57:27.000+0800","caller_line":"[jobs/jobdemo.go:14]","msg":"Every 10 sec send reminder emails \n xxxxx1"}
{"level":"[INFO]","ts":"2023-11-21T20:57:37.000+0800","caller_line":"[jobs/jobdemo.go:14]","msg":"Every 10 sec send reminder emails \n xxxxx1"}
{"level":"[INFO]","ts":"2023-11-21T20:57:47.000+0800","caller_line":"[jobs/jobdemo.go:14]","msg":"Every 10 sec send reminder emails \n xxxxx1"}
{"level":"[INFO]","ts":"2023-11-21T20:57:57.000+0800","caller_line":"[jobs/jobdemo.go:14]","msg":"Every 10 sec send reminder emails \n xxxxx1"}
{"level":"[INFO]","ts":"2023-11-21T20:58:07.000+0800","caller_line":"[jobs/jobdemo.go:14]","msg":"Every 10 sec send reminder emails \n xxxxx1"}
{"level":"[INFO]","ts":"2023-11-21T20:58:17.000+0800","caller_line":"[jobs/jobdemo.go:14]","msg":"Every 10 sec send reminder emails \n xxxxx1"}
{"level":"[INFO]","ts":"2023-11-21T20:58:27.000+0800","caller_line":"[jobs/jobdemo.go:14]","msg":"Every 10 sec send reminder emails \n xxxxx1"}
{"level":"[INFO]","ts":"2023-11-21T20:58:37.000+0800","caller_line":"[jobs/jobdemo.go:14]","msg":"Every 10 sec send reminder emails \n xxxxx1"}
{"level":"[INFO]","ts":"2023-11-21T20:58:47.000+0800","caller_line":"[jobs/jobdemo.go:14]","msg":"Every 10 sec send reminder emails \n xxxxx1"}
{"level":"[INFO]","ts":"2023-11-21T20:58:57.000+0800","caller_line":"[jobs/jobdemo.go:14]","msg":"Every 10 sec send reminder emails \n xxxxx1"}
{"level":"[INFO]","ts":"2023-11-21T20:59:07.000+0800","caller_line":"[jobs/jobdemo.go:14]","msg":"Every 10 sec send reminder emails \n xxxxx1"}
{"level":"[INFO]","ts":"2023-11-21T20:59:17.000+0800","caller_line":"[jobs/jobdemo.go:14]","msg":"Every 10 sec send reminder emails \n xxxxx1"}
{"level":"[INFO]","ts":"2023-11-21T20:59:27.000+0800","caller_line":"[jobs/jobdemo.go:14]","msg":"Every 10 sec send reminder emails \n xxxxx1"}
{"level":"[INFO]","ts":"2023-11-21T20:59:37.000+0800","caller_line":"[jobs/jobdemo.go:14]","msg":"Every 10 sec send reminder emails \n xxxxx1"}
{"level":"[INFO]","ts":"2023-11-21T20:59:47.000+0800","caller_line":"[jobs/jobdemo.go:14]","msg":"Every 10 sec send reminder emails \n xxxxx1"}
{"level":"[INFO]","ts":"2023-11-21T20:59:57.000+0800","caller_line":"[jobs/jobdemo.go:14]","msg":"Every 10 sec send reminder emails \n xxxxx1"}
{"level":"[INFO]","ts":"2023-11-21T21:00:07.000+0800","caller_line":"[jobs/jobdemo.go:14]","msg":"Every 10 sec send reminder emails \n xxxxx1"}
{"level":"[INFO]","ts":"2023-11-21T21:00:17.000+0800","caller_line":"[jobs/jobdemo.go:14]","msg":"Every 10 sec send reminder emails \n xxxxx1"}
{"level":"[INFO]","ts":"2023-11-21T21:00:27.000+0800","caller_line":"[jobs/jobdemo.go:14]","msg":"Every 10 sec send reminder emails \n xxxxx1"}
{"level":"[INFO]","ts":"2023-11-21T21:00:37.000+0800","caller_line":"[jobs/jobdemo.go:14]","msg":"Every 10 sec send reminder emails \n xxxxx1"}
{"level":"[INFO]","ts":"2023-11-21T21:00:47.000+0800","caller_line":"[jobs/jobdemo.go:14]","msg":"Every 10 sec send reminder emails \n xxxxx1"}
{"level":"[INFO]","ts":"2023-11-21T21:00:57.000+0800","caller_line":"[jobs/jobdemo.go:14]","msg":"Every 10 sec send reminder emails \n xxxxx1"}
{"level":"[INFO]","ts":"2023-11-21T21:01:07.000+0800","caller_line":"[jobs/jobdemo.go:14]","msg":"Every 10 sec send reminder emails \n xxxxx1"}
{"level":"[INFO]","ts":"2023-11-21T21:01:17.000+0800","caller_line":"[jobs/jobdemo.go:14]","msg":"Every 10 sec send reminder emails \n xxxxx1"}
{"level":"[INFO]","ts":"2023-11-21T21:01:27.000+0800","caller_line":"[jobs/jobdemo.go:14]","msg":"Every 10 sec send reminder emails \n xxxxx1"}
{"level":"[INFO]","ts":"2023-11-21T21:01:37.000+0800","caller_line":"[jobs/jobdemo.go:14]","msg":"Every 10 sec send reminder emails \n xxxxx1"}
{"level":"[INFO]","ts":"2023-11-21T21:01:47.000+0800","caller_line":"[jobs/jobdemo.go:14]","msg":"Every 10 sec send reminder emails \n xxxxx1"}
{"level":"[INFO]","ts":"2023-11-21T21:01:57.000+0800","caller_line":"[jobs/jobdemo.go:14]","msg":"Every 10 sec send reminder emails \n xxxxx1"}
{"level":"[INFO]","ts":"2023-11-21T21:02:07.000+0800","caller_line":"[jobs/jobdemo.go:14]","msg":"Every 10 sec send reminder emails \n xxxxx1"}
{"level":"[INFO]","ts":"2023-11-21T21:02:17.000+0800","caller_line":"[jobs/jobdemo.go:14]","msg":"Every 10 sec send reminder emails \n xxxxx1"}
{"level":"[INFO]","ts":"2023-11-21T21:02:27.000+0800","caller_line":"[jobs/jobdemo.go:14]","msg":"Every 10 sec send reminder emails \n xxxxx1"}
{"level":"[INFO]","ts":"2023-11-21T21:02:37.000+0800","caller_line":"[jobs/jobdemo.go:14]","msg":"Every 10 sec send reminder emails \n xxxxx1"}
{"level":"[INFO]","ts":"2023-11-21T21:02:47.000+0800","caller_line":"[jobs/jobdemo.go:14]","msg":"Every 10 sec send reminder emails \n xxxxx1"}
{"level":"[INFO]","ts":"2023-11-21T21:02:57.000+0800","caller_line":"[jobs/jobdemo.go:14]","msg":"Every 10 sec send reminder emails \n xxxxx1"}
{"level":"[INFO]","ts":"2023-11-21T21:03:07.000+0800","caller_line":"[jobs/jobdemo.go:14]","msg":"Every 10 sec send reminder emails \n xxxxx1"}
{"level":"[INFO]","ts":"2023-11-21T21:03:17.000+0800","caller_line":"[jobs/jobdemo.go:14]","msg":"Every 10 sec send reminder emails \n xxxxx1"}
{"level":"[INFO]","ts":"2023-11-21T21:03:27.000+0800","caller_line":"[jobs/jobdemo.go:14]","msg":"Every 10 sec send reminder emails \n xxxxx1"}
{"level":"[INFO]","ts":"2023-11-21T21:03:37.000+0800","caller_line":"[jobs/jobdemo.go:14]","msg":"Every 10 sec send reminder emails \n xxxxx1"}
{"level":"[INFO]","ts":"2023-11-21T21:03:47.000+0800","caller_line":"[jobs/jobdemo.go:14]","msg":"Every 10 sec send reminder emails \n xxxxx1"}
{"level":"[INFO]","ts":"2023-11-21T21:03:57.000+0800","caller_line":"[jobs/jobdemo.go:14]","msg":"Every 10 sec send reminder emails \n xxxxx1"}
{"level":"[INFO]","ts":"2023-11-21T21:04:07.000+0800","caller_line":"[jobs/jobdemo.go:14]","msg":"Every 10 sec send reminder emails \n xxxxx1"}
{"level":"[INFO]","ts":"2023-11-21T21:04:17.000+0800","caller_line":"[jobs/jobdemo.go:14]","msg":"Every 10 sec send reminder emails \n xxxxx1"}
{"level":"[INFO]","ts":"2023-11-21T21:04:27.000+0800","caller_line":"[jobs/jobdemo.go:14]","msg":"Every 10 sec send reminder emails \n xxxxx1"}
{"level":"[INFO]","ts":"2023-11-21T21:04:37.000+0800","caller_line":"[jobs/jobdemo.go:14]","msg":"Every 10 sec send reminder emails \n xxxxx1"}
{"level":"[INFO]","ts":"2023-11-21T21:04:47.000+0800","caller_line":"[jobs/jobdemo.go:14]","msg":"Every 10 sec send reminder emails \n xxxxx1"}
{"level":"[INFO]","ts":"2023-11-21T21:04:57.000+0800","caller_line":"[jobs/jobdemo.go:14]","msg":"Every 10 sec send reminder emails \n xxxxx1"}
{"level":"[INFO]","ts":"2023-11-21T21:05:07.000+0800","caller_line":"[jobs/jobdemo.go:14]","msg":"Every 10 sec send reminder emails \n xxxxx1"}
{"level":"[INFO]","ts":"2023-11-21T21:05:15.732+0800","caller_line":"[internal/server.go:124]","msg":"Shutting down server ..."}
{"level":"[INFO]","ts":"2023-11-21T21:05:15.733+0800","caller_line":"[internal/server.go:144]","msg":"Server exiting"}
